[2m2021-03-07 13:03:19.808[0;39m [] [32m INFO[0;39m [35m15716[0;39m [2m---[0;39m [2m[  restartedMain][0;39m [36mcom.revature.ProjectOneApplication      [0;39m [2m:[0;39m Starting ProjectOneApplication using Java 1.8.0_281 on DESKTOP-G2GRHTT with PID 15716 (C:\Users\cgon5\Documents\210201sre-spring\project-one\target\classes started by cgon5 in C:\Users\cgon5\Documents\210201sre-spring\project-one)
[2m2021-03-07 13:03:21.864[0;39m [] [32m INFO[0;39m [35m15716[0;39m [2m---[0;39m [2m[  restartedMain][0;39m [36mcom.revature.ProjectOneApplication      [0;39m [2m:[0;39m No active profile set, falling back to default profiles: default
[2m2021-03-07 13:03:26.765[0;39m [] [32m INFO[0;39m [35m15716[0;39m [2m---[0;39m [2m[  restartedMain][0;39m [36mcom.revature.ProjectOneApplication      [0;39m [2m:[0;39m Started ProjectOneApplication in 9.321 seconds (JVM running for 10.765)
[2m2021-03-11 14:00:11.471[0;39m [] [32m INFO[0;39m [35m8148[0;39m [2m---[0;39m [2m[  restartedMain][0;39m [36mcom.revature.ProjectOneApplication      [0;39m [2m:[0;39m Starting ProjectOneApplication using Java 1.8.0_281 on DESKTOP-G2GRHTT with PID 8148 (C:\Users\cgon5\Documents\210201sre-spring\project-one\target\classes started by cgon5 in C:\Users\cgon5\Documents\210201sre-spring\project-one)
[2m2021-03-11 14:00:13.530[0;39m [] [32m INFO[0;39m [35m8148[0;39m [2m---[0;39m [2m[  restartedMain][0;39m [36mcom.revature.ProjectOneApplication      [0;39m [2m:[0;39m No active profile set, falling back to default profiles: default
[2m2021-03-11 14:00:19.155[0;39m [] [32m INFO[0;39m [35m8148[0;39m [2m---[0;39m [2m[  restartedMain][0;39m [36mcom.revature.ProjectOneApplication      [0;39m [2m:[0;39m Started ProjectOneApplication in 10.29 seconds (JVM running for 11.351)
[2m2021-03-11 14:01:07.801[0;39m [event=Retrieve all users] [32m INFO[0;39m [35m8148[0;39m [2m---[0;39m [2m[nio-8080-exec-1][0;39m [36mcom.revature.services.UserService       [0;39m [2m:[0;39m Starting == Looking for users
[2m2021-03-11 14:01:11.250[0;39m [duration=3477] [32m INFO[0;39m [35m8148[0;39m [2m---[0;39m [2m[nio-8080-exec-1][0;39m [36mcom.revature.filters.DurationFilter     [0;39m [2m:[0;39m Request has finished took 3477 milli secs to process
[2m2021-03-11 14:03:15.823[0;39m [duration=83] [32m INFO[0;39m [35m8148[0;39m [2m---[0;39m [2m[nio-8080-exec-5][0;39m [36mcom.revature.filters.DurationFilter     [0;39m [2m:[0;39m Request has finished took 83 milli secs to process
[2m2021-03-11 14:03:50.823[0;39m [] [32m INFO[0;39m [35m8148[0;39m [2m---[0;39m [2m[  restartedMain][0;39m [36mcom.revature.ProjectOneApplication      [0;39m [2m:[0;39m Starting ProjectOneApplication using Java 1.8.0_281 on DESKTOP-G2GRHTT with PID 8148 (C:\Users\cgon5\Documents\210201sre-spring\project-one\target\classes started by cgon5 in C:\Users\cgon5\Documents\210201sre-spring\project-one)
[2m2021-03-11 14:03:52.888[0;39m [] [32m INFO[0;39m [35m8148[0;39m [2m---[0;39m [2m[  restartedMain][0;39m [36mcom.revature.ProjectOneApplication      [0;39m [2m:[0;39m No active profile set, falling back to default profiles: default
[2m2021-03-11 14:03:54.548[0;39m [] [32m INFO[0;39m [35m8148[0;39m [2m---[0;39m [2m[  restartedMain][0;39m [36mcom.revature.ProjectOneApplication      [0;39m [2m:[0;39m Started ProjectOneApplication in 5.804 seconds (JVM running for 226.745)
[2m2021-03-11 14:04:01.427[0;39m [duration=21] [32m INFO[0;39m [35m8148[0;39m [2m---[0;39m [2m[nio-8080-exec-2][0;39m [36mcom.revature.filters.DurationFilter     [0;39m [2m:[0;39m Request has finished took 21 milli secs to process
[2m2021-03-11 14:04:16.595[0;39m [duration=2] [32m INFO[0;39m [35m8148[0;39m [2m---[0;39m [2m[nio-8080-exec-4][0;39m [36mcom.revature.filters.DurationFilter     [0;39m [2m:[0;39m Request has finished took 2 milli secs to process
[2m2021-03-11 14:05:32.544[0;39m [] [32m INFO[0;39m [35m8148[0;39m [2m---[0;39m [2m[  restartedMain][0;39m [36mcom.revature.ProjectOneApplication      [0;39m [2m:[0;39m Starting ProjectOneApplication using Java 1.8.0_281 on DESKTOP-G2GRHTT with PID 8148 (C:\Users\cgon5\Documents\210201sre-spring\project-one\target\classes started by cgon5 in C:\Users\cgon5\Documents\210201sre-spring\project-one)
[2m2021-03-11 14:05:34.598[0;39m [] [32m INFO[0;39m [35m8148[0;39m [2m---[0;39m [2m[  restartedMain][0;39m [36mcom.revature.ProjectOneApplication      [0;39m [2m:[0;39m No active profile set, falling back to default profiles: default
[2m2021-03-11 14:05:36.185[0;39m [] [32m INFO[0;39m [35m8148[0;39m [2m---[0;39m [2m[  restartedMain][0;39m [36mcom.revature.ProjectOneApplication      [0;39m [2m:[0;39m Started ProjectOneApplication in 5.738 seconds (JVM running for 328.381)
[2m2021-03-11 14:05:45.198[0;39m [event=Register] [32m INFO[0;39m [35m8148[0;39m [2m---[0;39m [2m[nio-8080-exec-2][0;39m [36mcom.revature.services.UserService       [0;39m [2m:[0;39m Starting == registering a new user
[2m2021-03-11 14:05:47.393[0;39m [event=Register, duration=2208] [32m INFO[0;39m [35m8148[0;39m [2m---[0;39m [2m[nio-8080-exec-2][0;39m [36mcom.revature.filters.DurationFilter     [0;39m [2m:[0;39m Request has finished took 2208 milli secs to process
[2m2021-03-11 14:09:19.569[0;39m [event=Login] [32m INFO[0;39m [35m8148[0;39m [2m---[0;39m [2m[nio-8080-exec-4][0;39m [36mcom.revature.services.UserService       [0;39m [2m:[0;39m Starting == Logging in user
[2m2021-03-11 14:09:21.686[0;39m [event=login error] [31mERROR[0;39m [35m8148[0;39m [2m---[0;39m [2m[nio-8080-exec-4][0;39m [36mc.revature.advice.RestExceptionHandler  [0;39m [2m:[0;39m Email and/or Password not correct.

com.revature.exceptions.LoginUserFailedException: null
	at com.revature.services.UserService.login(UserService.java:49)
	at com.revature.controllers.UserController.login(UserController.java:58)
	at com.revature.controllers.UserController$$FastClassBySpringCGLIB$$658944d.invoke(<generated>)
	at org.springframework.cglib.proxy.MethodProxy.invoke(MethodProxy.java:218)
	at org.springframework.aop.framework.CglibAopProxy$CglibMethodInvocation.invokeJoinpoint(CglibAopProxy.java:779)
	at org.springframework.aop.framework.ReflectiveMethodInvocation.proceed(ReflectiveMethodInvocation.java:163)
	at org.springframework.aop.framework.CglibAopProxy$CglibMethodInvocation.proceed(CglibAopProxy.java:750)
	at org.springframework.aop.interceptor.ExposeInvocationInterceptor.invoke(ExposeInvocationInterceptor.java:97)
	at org.springframework.aop.framework.ReflectiveMethodInvocation.proceed(ReflectiveMethodInvocation.java:186)
	at org.springframework.aop.framework.CglibAopProxy$CglibMethodInvocation.proceed(CglibAopProxy.java:750)
	at org.springframework.aop.framework.CglibAopProxy$DynamicAdvisedInterceptor.intercept(CglibAopProxy.java:692)
	at com.revature.controllers.UserController$$EnhancerBySpringCGLIB$$87dc294.login(<generated>)
	at sun.reflect.NativeMethodAccessorImpl.invoke0(Native Method)
	at sun.reflect.NativeMethodAccessorImpl.invoke(Unknown Source)
	at sun.reflect.DelegatingMethodAccessorImpl.invoke(Unknown Source)
	at java.lang.reflect.Method.invoke(Unknown Source)
	at org.springframework.web.method.support.InvocableHandlerMethod.doInvoke(InvocableHandlerMethod.java:197)
	at org.springframework.web.method.support.InvocableHandlerMethod.invokeForRequest(InvocableHandlerMethod.java:141)
	at org.springframework.web.servlet.mvc.method.annotation.ServletInvocableHandlerMethod.invokeAndHandle(ServletInvocableHandlerMethod.java:106)
	at org.springframework.web.servlet.mvc.method.annotation.RequestMappingHandlerAdapter.invokeHandlerMethod(RequestMappingHandlerAdapter.java:894)
	at org.springframework.web.servlet.mvc.method.annotation.RequestMappingHandlerAdapter.handleInternal(RequestMappingHandlerAdapter.java:808)
	at org.springframework.web.servlet.mvc.method.AbstractHandlerMethodAdapter.handle(AbstractHandlerMethodAdapter.java:87)
	at org.springframework.web.servlet.DispatcherServlet.doDispatch(DispatcherServlet.java:1060)
	at org.springframework.web.servlet.DispatcherServlet.doService(DispatcherServlet.java:962)
	at org.springframework.web.servlet.FrameworkServlet.processRequest(FrameworkServlet.java:1006)
	at org.springframework.web.servlet.FrameworkServlet.doPost(FrameworkServlet.java:909)
	at javax.servlet.http.HttpServlet.service(HttpServlet.java:652)
	at org.springframework.web.servlet.FrameworkServlet.service(FrameworkServlet.java:883)
	at javax.servlet.http.HttpServlet.service(HttpServlet.java:733)
	at org.apache.catalina.core.ApplicationFilterChain.internalDoFilter(ApplicationFilterChain.java:227)
	at org.apache.catalina.core.ApplicationFilterChain.doFilter(ApplicationFilterChain.java:162)
	at org.apache.tomcat.websocket.server.WsFilter.doFilter(WsFilter.java:53)
	at org.apache.catalina.core.ApplicationFilterChain.internalDoFilter(ApplicationFilterChain.java:189)
	at org.apache.catalina.core.ApplicationFilterChain.doFilter(ApplicationFilterChain.java:162)
	at com.revature.filters.DurationFilter.doFilterInternal(DurationFilter.java:27)
	at org.springframework.web.filter.OncePerRequestFilter.doFilter(OncePerRequestFilter.java:119)
	at org.apache.catalina.core.ApplicationFilterChain.internalDoFilter(ApplicationFilterChain.java:189)
	at org.apache.catalina.core.ApplicationFilterChain.doFilter(ApplicationFilterChain.java:162)
	at org.springframework.web.filter.RequestContextFilter.doFilterInternal(RequestContextFilter.java:100)
	at org.springframework.web.filter.OncePerRequestFilter.doFilter(OncePerRequestFilter.java:119)
	at org.apache.catalina.core.ApplicationFilterChain.internalDoFilter(ApplicationFilterChain.java:189)
	at org.apache.catalina.core.ApplicationFilterChain.doFilter(ApplicationFilterChain.java:162)
	at org.springframework.web.filter.FormContentFilter.doFilterInternal(FormContentFilter.java:93)
	at org.springframework.web.filter.OncePerRequestFilter.doFilter(OncePerRequestFilter.java:119)
	at org.apache.catalina.core.ApplicationFilterChain.internalDoFilter(ApplicationFilterChain.java:189)
	at org.apache.catalina.core.ApplicationFilterChain.doFilter(ApplicationFilterChain.java:162)
	at org.springframework.boot.actuate.metrics.web.servlet.WebMvcMetricsFilter.doFilterInternal(WebMvcMetricsFilter.java:93)
	at org.springframework.web.filter.OncePerRequestFilter.doFilter(OncePerRequestFilter.java:119)
	at org.apache.catalina.core.ApplicationFilterChain.internalDoFilter(ApplicationFilterChain.java:189)
	at org.apache.catalina.core.ApplicationFilterChain.doFilter(ApplicationFilterChain.java:162)
	at org.springframework.web.filter.CharacterEncodingFilter.doFilterInternal(CharacterEncodingFilter.java:201)
	at org.springframework.web.filter.OncePerRequestFilter.doFilter(OncePerRequestFilter.java:119)
	at org.apache.catalina.core.ApplicationFilterChain.internalDoFilter(ApplicationFilterChain.java:189)
	at org.apache.catalina.core.ApplicationFilterChain.doFilter(ApplicationFilterChain.java:162)
	at org.apache.catalina.core.StandardWrapperValve.invoke(StandardWrapperValve.java:202)
	at org.apache.catalina.core.StandardContextValve.invoke(StandardContextValve.java:97)
	at org.apache.catalina.authenticator.AuthenticatorBase.invoke(AuthenticatorBase.java:542)
	at org.apache.catalina.core.StandardHostValve.invoke(StandardHostValve.java:143)
	at org.apache.catalina.valves.ErrorReportValve.invoke(ErrorReportValve.java:92)
	at org.apache.catalina.core.StandardEngineValve.invoke(StandardEngineValve.java:78)
	at org.apache.catalina.connector.CoyoteAdapter.service(CoyoteAdapter.java:346)
	at org.apache.coyote.http11.Http11Processor.service(Http11Processor.java:374)
	at org.apache.coyote.AbstractProcessorLight.process(AbstractProcessorLight.java:65)
	at org.apache.coyote.AbstractProtocol$ConnectionHandler.process(AbstractProtocol.java:887)
	at org.apache.tomcat.util.net.NioEndpoint$SocketProcessor.doRun(NioEndpoint.java:1684)
	at org.apache.tomcat.util.net.SocketProcessorBase.run(SocketProcessorBase.java:49)
	at java.util.concurrent.ThreadPoolExecutor.runWorker(Unknown Source)
	at java.util.concurrent.ThreadPoolExecutor$Worker.run(Unknown Source)
	at org.apache.tomcat.util.threads.TaskThread$WrappingRunnable.run(TaskThread.java:61)
	at java.lang.Thread.run(Unknown Source)

[2m2021-03-11 14:09:21.722[0;39m [event=login error, duration=2155] [32m INFO[0;39m [35m8148[0;39m [2m---[0;39m [2m[nio-8080-exec-4][0;39m [36mcom.revature.filters.DurationFilter     [0;39m [2m:[0;39m Request has finished took 2155 milli secs to process
[2m2021-03-11 14:11:42.523[0;39m [] [32m INFO[0;39m [35m8148[0;39m [2m---[0;39m [2m[  restartedMain][0;39m [36mcom.revature.ProjectOneApplication      [0;39m [2m:[0;39m Starting ProjectOneApplication using Java 1.8.0_281 on DESKTOP-G2GRHTT with PID 8148 (C:\Users\cgon5\Documents\210201sre-spring\project-one\target\classes started by cgon5 in C:\Users\cgon5\Documents\210201sre-spring\project-one)
[2m2021-03-11 14:11:44.592[0;39m [] [32m INFO[0;39m [35m8148[0;39m [2m---[0;39m [2m[  restartedMain][0;39m [36mcom.revature.ProjectOneApplication      [0;39m [2m:[0;39m No active profile set, falling back to default profiles: default
[2m2021-03-11 14:11:46.254[0;39m [] [32m INFO[0;39m [35m8148[0;39m [2m---[0;39m [2m[  restartedMain][0;39m [36mcom.revature.ProjectOneApplication      [0;39m [2m:[0;39m Started ProjectOneApplication in 5.824 seconds (JVM running for 698.45)
[2m2021-03-11 14:14:48.423[0;39m [] [32m INFO[0;39m [35m8148[0;39m [2m---[0;39m [2m[  restartedMain][0;39m [36mcom.revature.ProjectOneApplication      [0;39m [2m:[0;39m Starting ProjectOneApplication using Java 1.8.0_281 on DESKTOP-G2GRHTT with PID 8148 (C:\Users\cgon5\Documents\210201sre-spring\project-one\target\classes started by cgon5 in C:\Users\cgon5\Documents\210201sre-spring\project-one)
[2m2021-03-11 14:14:50.486[0;39m [] [32m INFO[0;39m [35m8148[0;39m [2m---[0;39m [2m[  restartedMain][0;39m [36mcom.revature.ProjectOneApplication      [0;39m [2m:[0;39m No active profile set, falling back to default profiles: default
[2m2021-03-11 14:14:52.013[0;39m [] [32m INFO[0;39m [35m8148[0;39m [2m---[0;39m [2m[  restartedMain][0;39m [36mcom.revature.ProjectOneApplication      [0;39m [2m:[0;39m Started ProjectOneApplication in 5.658 seconds (JVM running for 884.209)
[2m2021-03-11 14:15:27.875[0;39m [event=Register] [32m INFO[0;39m [35m8148[0;39m [2m---[0;39m [2m[nio-8080-exec-2][0;39m [36mcom.revature.services.UserService       [0;39m [2m:[0;39m Starting == registering a new user
[2m2021-03-11 14:15:29.979[0;39m [event=register error] [31mERROR[0;39m [35m8148[0;39m [2m---[0;39m [2m[nio-8080-exec-2][0;39m [36mc.revature.advice.RestExceptionHandler  [0;39m [2m:[0;39m User is already registered.

com.revature.exceptions.RegisterUserFailedException: null
	at com.revature.services.UserService.register(UserService.java:34)
	at com.revature.controllers.UserController.register(UserController.java:48)
	at com.revature.controllers.UserController$$FastClassBySpringCGLIB$$658944d.invoke(<generated>)
	at org.springframework.cglib.proxy.MethodProxy.invoke(MethodProxy.java:218)
	at org.springframework.aop.framework.CglibAopProxy$CglibMethodInvocation.invokeJoinpoint(CglibAopProxy.java:779)
	at org.springframework.aop.framework.ReflectiveMethodInvocation.proceed(ReflectiveMethodInvocation.java:163)
	at org.springframework.aop.framework.CglibAopProxy$CglibMethodInvocation.proceed(CglibAopProxy.java:750)
	at org.springframework.aop.interceptor.ExposeInvocationInterceptor.invoke(ExposeInvocationInterceptor.java:97)
	at org.springframework.aop.framework.ReflectiveMethodInvocation.proceed(ReflectiveMethodInvocation.java:186)
	at org.springframework.aop.framework.CglibAopProxy$CglibMethodInvocation.proceed(CglibAopProxy.java:750)
	at org.springframework.aop.framework.CglibAopProxy$DynamicAdvisedInterceptor.intercept(CglibAopProxy.java:692)
	at com.revature.controllers.UserController$$EnhancerBySpringCGLIB$$87dc294.register(<generated>)
	at sun.reflect.NativeMethodAccessorImpl.invoke0(Native Method)
	at sun.reflect.NativeMethodAccessorImpl.invoke(Unknown Source)
	at sun.reflect.DelegatingMethodAccessorImpl.invoke(Unknown Source)
	at java.lang.reflect.Method.invoke(Unknown Source)
	at org.springframework.web.method.support.InvocableHandlerMethod.doInvoke(InvocableHandlerMethod.java:197)
	at org.springframework.web.method.support.InvocableHandlerMethod.invokeForRequest(InvocableHandlerMethod.java:141)
	at org.springframework.web.servlet.mvc.method.annotation.ServletInvocableHandlerMethod.invokeAndHandle(ServletInvocableHandlerMethod.java:106)
	at org.springframework.web.servlet.mvc.method.annotation.RequestMappingHandlerAdapter.invokeHandlerMethod(RequestMappingHandlerAdapter.java:894)
	at org.springframework.web.servlet.mvc.method.annotation.RequestMappingHandlerAdapter.handleInternal(RequestMappingHandlerAdapter.java:808)
	at org.springframework.web.servlet.mvc.method.AbstractHandlerMethodAdapter.handle(AbstractHandlerMethodAdapter.java:87)
	at org.springframework.web.servlet.DispatcherServlet.doDispatch(DispatcherServlet.java:1060)
	at org.springframework.web.servlet.DispatcherServlet.doService(DispatcherServlet.java:962)
	at org.springframework.web.servlet.FrameworkServlet.processRequest(FrameworkServlet.java:1006)
	at org.springframework.web.servlet.FrameworkServlet.doPost(FrameworkServlet.java:909)
	at javax.servlet.http.HttpServlet.service(HttpServlet.java:652)
	at org.springframework.web.servlet.FrameworkServlet.service(FrameworkServlet.java:883)
	at javax.servlet.http.HttpServlet.service(HttpServlet.java:733)
	at org.apache.catalina.core.ApplicationFilterChain.internalDoFilter(ApplicationFilterChain.java:227)
	at org.apache.catalina.core.ApplicationFilterChain.doFilter(ApplicationFilterChain.java:162)
	at org.apache.tomcat.websocket.server.WsFilter.doFilter(WsFilter.java:53)
	at org.apache.catalina.core.ApplicationFilterChain.internalDoFilter(ApplicationFilterChain.java:189)
	at org.apache.catalina.core.ApplicationFilterChain.doFilter(ApplicationFilterChain.java:162)
	at com.revature.filters.DurationFilter.doFilterInternal(DurationFilter.java:27)
	at org.springframework.web.filter.OncePerRequestFilter.doFilter(OncePerRequestFilter.java:119)
	at org.apache.catalina.core.ApplicationFilterChain.internalDoFilter(ApplicationFilterChain.java:189)
	at org.apache.catalina.core.ApplicationFilterChain.doFilter(ApplicationFilterChain.java:162)
	at org.springframework.web.filter.RequestContextFilter.doFilterInternal(RequestContextFilter.java:100)
	at org.springframework.web.filter.OncePerRequestFilter.doFilter(OncePerRequestFilter.java:119)
	at org.apache.catalina.core.ApplicationFilterChain.internalDoFilter(ApplicationFilterChain.java:189)
	at org.apache.catalina.core.ApplicationFilterChain.doFilter(ApplicationFilterChain.java:162)
	at org.springframework.web.filter.FormContentFilter.doFilterInternal(FormContentFilter.java:93)
	at org.springframework.web.filter.OncePerRequestFilter.doFilter(OncePerRequestFilter.java:119)
	at org.apache.catalina.core.ApplicationFilterChain.internalDoFilter(ApplicationFilterChain.java:189)
	at org.apache.catalina.core.ApplicationFilterChain.doFilter(ApplicationFilterChain.java:162)
	at org.springframework.boot.actuate.metrics.web.servlet.WebMvcMetricsFilter.doFilterInternal(WebMvcMetricsFilter.java:93)
	at org.springframework.web.filter.OncePerRequestFilter.doFilter(OncePerRequestFilter.java:119)
	at org.apache.catalina.core.ApplicationFilterChain.internalDoFilter(ApplicationFilterChain.java:189)
	at org.apache.catalina.core.ApplicationFilterChain.doFilter(ApplicationFilterChain.java:162)
	at org.springframework.web.filter.CharacterEncodingFilter.doFilterInternal(CharacterEncodingFilter.java:201)
	at org.springframework.web.filter.OncePerRequestFilter.doFilter(OncePerRequestFilter.java:119)
	at org.apache.catalina.core.ApplicationFilterChain.internalDoFilter(ApplicationFilterChain.java:189)
	at org.apache.catalina.core.ApplicationFilterChain.doFilter(ApplicationFilterChain.java:162)
	at org.apache.catalina.core.StandardWrapperValve.invoke(StandardWrapperValve.java:202)
	at org.apache.catalina.core.StandardContextValve.invoke(StandardContextValve.java:97)
	at org.apache.catalina.authenticator.AuthenticatorBase.invoke(AuthenticatorBase.java:542)
	at org.apache.catalina.core.StandardHostValve.invoke(StandardHostValve.java:143)
	at org.apache.catalina.valves.ErrorReportValve.invoke(ErrorReportValve.java:92)
	at org.apache.catalina.core.StandardEngineValve.invoke(StandardEngineValve.java:78)
	at org.apache.catalina.connector.CoyoteAdapter.service(CoyoteAdapter.java:346)
	at org.apache.coyote.http11.Http11Processor.service(Http11Processor.java:374)
	at org.apache.coyote.AbstractProcessorLight.process(AbstractProcessorLight.java:65)
	at org.apache.coyote.AbstractProtocol$ConnectionHandler.process(AbstractProtocol.java:887)
	at org.apache.tomcat.util.net.NioEndpoint$SocketProcessor.doRun(NioEndpoint.java:1684)
	at org.apache.tomcat.util.net.SocketProcessorBase.run(SocketProcessorBase.java:49)
	at java.util.concurrent.ThreadPoolExecutor.runWorker(Unknown Source)
	at java.util.concurrent.ThreadPoolExecutor$Worker.run(Unknown Source)
	at org.apache.tomcat.util.threads.TaskThread$WrappingRunnable.run(TaskThread.java:61)
	at java.lang.Thread.run(Unknown Source)

[2m2021-03-11 14:15:29.984[0;39m [event=register error, duration=2120] [32m INFO[0;39m [35m8148[0;39m [2m---[0;39m [2m[nio-8080-exec-2][0;39m [36mcom.revature.filters.DurationFilter     [0;39m [2m:[0;39m Request has finished took 2120 milli secs to process
[2m2021-03-11 14:15:46.000[0;39m [duration=14] [32m INFO[0;39m [35m8148[0;39m [2m---[0;39m [2m[nio-8080-exec-3][0;39m [36mcom.revature.filters.DurationFilter     [0;39m [2m:[0;39m Request has finished took 14 milli secs to process
[2m2021-03-11 14:15:51.572[0;39m [event=Register] [32m INFO[0;39m [35m8148[0;39m [2m---[0;39m [2m[nio-8080-exec-5][0;39m [36mcom.revature.services.UserService       [0;39m [2m:[0;39m Starting == registering a new user
[2m2021-03-11 14:15:53.657[0;39m [event=register error] [31mERROR[0;39m [35m8148[0;39m [2m---[0;39m [2m[nio-8080-exec-5][0;39m [36mc.revature.advice.RestExceptionHandler  [0;39m [2m:[0;39m User is already registered.

com.revature.exceptions.RegisterUserFailedException: null
	at com.revature.services.UserService.register(UserService.java:34)
	at com.revature.controllers.UserController.register(UserController.java:48)
	at com.revature.controllers.UserController$$FastClassBySpringCGLIB$$658944d.invoke(<generated>)
	at org.springframework.cglib.proxy.MethodProxy.invoke(MethodProxy.java:218)
	at org.springframework.aop.framework.CglibAopProxy$CglibMethodInvocation.invokeJoinpoint(CglibAopProxy.java:779)
	at org.springframework.aop.framework.ReflectiveMethodInvocation.proceed(ReflectiveMethodInvocation.java:163)
	at org.springframework.aop.framework.CglibAopProxy$CglibMethodInvocation.proceed(CglibAopProxy.java:750)
	at org.springframework.aop.interceptor.ExposeInvocationInterceptor.invoke(ExposeInvocationInterceptor.java:97)
	at org.springframework.aop.framework.ReflectiveMethodInvocation.proceed(ReflectiveMethodInvocation.java:186)
	at org.springframework.aop.framework.CglibAopProxy$CglibMethodInvocation.proceed(CglibAopProxy.java:750)
	at org.springframework.aop.framework.CglibAopProxy$DynamicAdvisedInterceptor.intercept(CglibAopProxy.java:692)
	at com.revature.controllers.UserController$$EnhancerBySpringCGLIB$$87dc294.register(<generated>)
	at sun.reflect.NativeMethodAccessorImpl.invoke0(Native Method)
	at sun.reflect.NativeMethodAccessorImpl.invoke(Unknown Source)
	at sun.reflect.DelegatingMethodAccessorImpl.invoke(Unknown Source)
	at java.lang.reflect.Method.invoke(Unknown Source)
	at org.springframework.web.method.support.InvocableHandlerMethod.doInvoke(InvocableHandlerMethod.java:197)
	at org.springframework.web.method.support.InvocableHandlerMethod.invokeForRequest(InvocableHandlerMethod.java:141)
	at org.springframework.web.servlet.mvc.method.annotation.ServletInvocableHandlerMethod.invokeAndHandle(ServletInvocableHandlerMethod.java:106)
	at org.springframework.web.servlet.mvc.method.annotation.RequestMappingHandlerAdapter.invokeHandlerMethod(RequestMappingHandlerAdapter.java:894)
	at org.springframework.web.servlet.mvc.method.annotation.RequestMappingHandlerAdapter.handleInternal(RequestMappingHandlerAdapter.java:808)
	at org.springframework.web.servlet.mvc.method.AbstractHandlerMethodAdapter.handle(AbstractHandlerMethodAdapter.java:87)
	at org.springframework.web.servlet.DispatcherServlet.doDispatch(DispatcherServlet.java:1060)
	at org.springframework.web.servlet.DispatcherServlet.doService(DispatcherServlet.java:962)
	at org.springframework.web.servlet.FrameworkServlet.processRequest(FrameworkServlet.java:1006)
	at org.springframework.web.servlet.FrameworkServlet.doPost(FrameworkServlet.java:909)
	at javax.servlet.http.HttpServlet.service(HttpServlet.java:652)
	at org.springframework.web.servlet.FrameworkServlet.service(FrameworkServlet.java:883)
	at javax.servlet.http.HttpServlet.service(HttpServlet.java:733)
	at org.apache.catalina.core.ApplicationFilterChain.internalDoFilter(ApplicationFilterChain.java:227)
	at org.apache.catalina.core.ApplicationFilterChain.doFilter(ApplicationFilterChain.java:162)
	at org.apache.tomcat.websocket.server.WsFilter.doFilter(WsFilter.java:53)
	at org.apache.catalina.core.ApplicationFilterChain.internalDoFilter(ApplicationFilterChain.java:189)
	at org.apache.catalina.core.ApplicationFilterChain.doFilter(ApplicationFilterChain.java:162)
	at com.revature.filters.DurationFilter.doFilterInternal(DurationFilter.java:27)
	at org.springframework.web.filter.OncePerRequestFilter.doFilter(OncePerRequestFilter.java:119)
	at org.apache.catalina.core.ApplicationFilterChain.internalDoFilter(ApplicationFilterChain.java:189)
	at org.apache.catalina.core.ApplicationFilterChain.doFilter(ApplicationFilterChain.java:162)
	at org.springframework.web.filter.RequestContextFilter.doFilterInternal(RequestContextFilter.java:100)
	at org.springframework.web.filter.OncePerRequestFilter.doFilter(OncePerRequestFilter.java:119)
	at org.apache.catalina.core.ApplicationFilterChain.internalDoFilter(ApplicationFilterChain.java:189)
	at org.apache.catalina.core.ApplicationFilterChain.doFilter(ApplicationFilterChain.java:162)
	at org.springframework.web.filter.FormContentFilter.doFilterInternal(FormContentFilter.java:93)
	at org.springframework.web.filter.OncePerRequestFilter.doFilter(OncePerRequestFilter.java:119)
	at org.apache.catalina.core.ApplicationFilterChain.internalDoFilter(ApplicationFilterChain.java:189)
	at org.apache.catalina.core.ApplicationFilterChain.doFilter(ApplicationFilterChain.java:162)
	at org.springframework.boot.actuate.metrics.web.servlet.WebMvcMetricsFilter.doFilterInternal(WebMvcMetricsFilter.java:93)
	at org.springframework.web.filter.OncePerRequestFilter.doFilter(OncePerRequestFilter.java:119)
	at org.apache.catalina.core.ApplicationFilterChain.internalDoFilter(ApplicationFilterChain.java:189)
	at org.apache.catalina.core.ApplicationFilterChain.doFilter(ApplicationFilterChain.java:162)
	at org.springframework.web.filter.CharacterEncodingFilter.doFilterInternal(CharacterEncodingFilter.java:201)
	at org.springframework.web.filter.OncePerRequestFilter.doFilter(OncePerRequestFilter.java:119)
	at org.apache.catalina.core.ApplicationFilterChain.internalDoFilter(ApplicationFilterChain.java:189)
	at org.apache.catalina.core.ApplicationFilterChain.doFilter(ApplicationFilterChain.java:162)
	at org.apache.catalina.core.StandardWrapperValve.invoke(StandardWrapperValve.java:202)
	at org.apache.catalina.core.StandardContextValve.invoke(StandardContextValve.java:97)
	at org.apache.catalina.authenticator.AuthenticatorBase.invoke(AuthenticatorBase.java:542)
	at org.apache.catalina.core.StandardHostValve.invoke(StandardHostValve.java:143)
	at org.apache.catalina.valves.ErrorReportValve.invoke(ErrorReportValve.java:92)
	at org.apache.catalina.core.StandardEngineValve.invoke(StandardEngineValve.java:78)
	at org.apache.catalina.connector.CoyoteAdapter.service(CoyoteAdapter.java:346)
	at org.apache.coyote.http11.Http11Processor.service(Http11Processor.java:374)
	at org.apache.coyote.AbstractProcessorLight.process(AbstractProcessorLight.java:65)
	at org.apache.coyote.AbstractProtocol$ConnectionHandler.process(AbstractProtocol.java:887)
	at org.apache.tomcat.util.net.NioEndpoint$SocketProcessor.doRun(NioEndpoint.java:1684)
	at org.apache.tomcat.util.net.SocketProcessorBase.run(SocketProcessorBase.java:49)
	at java.util.concurrent.ThreadPoolExecutor.runWorker(Unknown Source)
	at java.util.concurrent.ThreadPoolExecutor$Worker.run(Unknown Source)
	at org.apache.tomcat.util.threads.TaskThread$WrappingRunnable.run(TaskThread.java:61)
	at java.lang.Thread.run(Unknown Source)

[2m2021-03-11 14:15:53.659[0;39m [event=register error, duration=2088] [32m INFO[0;39m [35m8148[0;39m [2m---[0;39m [2m[nio-8080-exec-5][0;39m [36mcom.revature.filters.DurationFilter     [0;39m [2m:[0;39m Request has finished took 2088 milli secs to process
[2m2021-03-11 14:17:09.022[0;39m [] [32m INFO[0;39m [35m8148[0;39m [2m---[0;39m [2m[  restartedMain][0;39m [36mcom.revature.ProjectOneApplication      [0;39m [2m:[0;39m Starting ProjectOneApplication using Java 1.8.0_281 on DESKTOP-G2GRHTT with PID 8148 (C:\Users\cgon5\Documents\210201sre-spring\project-one\target\classes started by cgon5 in C:\Users\cgon5\Documents\210201sre-spring\project-one)
[2m2021-03-11 14:17:11.069[0;39m [] [32m INFO[0;39m [35m8148[0;39m [2m---[0;39m [2m[  restartedMain][0;39m [36mcom.revature.ProjectOneApplication      [0;39m [2m:[0;39m No active profile set, falling back to default profiles: default
[2m2021-03-11 14:17:12.601[0;39m [] [32m INFO[0;39m [35m8148[0;39m [2m---[0;39m [2m[  restartedMain][0;39m [36mcom.revature.ProjectOneApplication      [0;39m [2m:[0;39m Started ProjectOneApplication in 5.642 seconds (JVM running for 1024.796)
[2m2021-03-11 14:17:20.872[0;39m [duration=20] [32m INFO[0;39m [35m8148[0;39m [2m---[0;39m [2m[nio-8080-exec-2][0;39m [36mcom.revature.filters.DurationFilter     [0;39m [2m:[0;39m Request has finished took 20 milli secs to process
[2m2021-03-11 14:18:01.536[0;39m [] [32m INFO[0;39m [35m8148[0;39m [2m---[0;39m [2m[  restartedMain][0;39m [36mcom.revature.ProjectOneApplication      [0;39m [2m:[0;39m Starting ProjectOneApplication using Java 1.8.0_281 on DESKTOP-G2GRHTT with PID 8148 (C:\Users\cgon5\Documents\210201sre-spring\project-one\target\classes started by cgon5 in C:\Users\cgon5\Documents\210201sre-spring\project-one)
[2m2021-03-11 14:18:03.578[0;39m [] [32m INFO[0;39m [35m8148[0;39m [2m---[0;39m [2m[  restartedMain][0;39m [36mcom.revature.ProjectOneApplication      [0;39m [2m:[0;39m No active profile set, falling back to default profiles: default
[2m2021-03-11 14:18:05.092[0;39m [] [32m INFO[0;39m [35m8148[0;39m [2m---[0;39m [2m[  restartedMain][0;39m [36mcom.revature.ProjectOneApplication      [0;39m [2m:[0;39m Started ProjectOneApplication in 5.641 seconds (JVM running for 1077.289)
[2m2021-03-11 14:18:22.170[0;39m [event=Login] [32m INFO[0;39m [35m8148[0;39m [2m---[0;39m [2m[nio-8080-exec-2][0;39m [36mcom.revature.services.UserService       [0;39m [2m:[0;39m Starting == Logging in user
[2m2021-03-11 14:18:24.263[0;39m [event=login error] [31mERROR[0;39m [35m8148[0;39m [2m---[0;39m [2m[nio-8080-exec-2][0;39m [36mc.revature.advice.RestExceptionHandler  [0;39m [2m:[0;39m Email and/or Password not correct.

com.revature.exceptions.LoginUserFailedException: null
	at com.revature.services.UserService.login(UserService.java:49)
	at com.revature.controllers.UserController.login(UserController.java:60)
	at com.revature.controllers.UserController$$FastClassBySpringCGLIB$$658944d.invoke(<generated>)
	at org.springframework.cglib.proxy.MethodProxy.invoke(MethodProxy.java:218)
	at org.springframework.aop.framework.CglibAopProxy$CglibMethodInvocation.invokeJoinpoint(CglibAopProxy.java:779)
	at org.springframework.aop.framework.ReflectiveMethodInvocation.proceed(ReflectiveMethodInvocation.java:163)
	at org.springframework.aop.framework.CglibAopProxy$CglibMethodInvocation.proceed(CglibAopProxy.java:750)
	at org.springframework.aop.interceptor.ExposeInvocationInterceptor.invoke(ExposeInvocationInterceptor.java:97)
	at org.springframework.aop.framework.ReflectiveMethodInvocation.proceed(ReflectiveMethodInvocation.java:186)
	at org.springframework.aop.framework.CglibAopProxy$CglibMethodInvocation.proceed(CglibAopProxy.java:750)
	at org.springframework.aop.framework.CglibAopProxy$DynamicAdvisedInterceptor.intercept(CglibAopProxy.java:692)
	at com.revature.controllers.UserController$$EnhancerBySpringCGLIB$$87dc294.login(<generated>)
	at sun.reflect.NativeMethodAccessorImpl.invoke0(Native Method)
	at sun.reflect.NativeMethodAccessorImpl.invoke(Unknown Source)
	at sun.reflect.DelegatingMethodAccessorImpl.invoke(Unknown Source)
	at java.lang.reflect.Method.invoke(Unknown Source)
	at org.springframework.web.method.support.InvocableHandlerMethod.doInvoke(InvocableHandlerMethod.java:197)
	at org.springframework.web.method.support.InvocableHandlerMethod.invokeForRequest(InvocableHandlerMethod.java:141)
	at org.springframework.web.servlet.mvc.method.annotation.ServletInvocableHandlerMethod.invokeAndHandle(ServletInvocableHandlerMethod.java:106)
	at org.springframework.web.servlet.mvc.method.annotation.RequestMappingHandlerAdapter.invokeHandlerMethod(RequestMappingHandlerAdapter.java:894)
	at org.springframework.web.servlet.mvc.method.annotation.RequestMappingHandlerAdapter.handleInternal(RequestMappingHandlerAdapter.java:808)
	at org.springframework.web.servlet.mvc.method.AbstractHandlerMethodAdapter.handle(AbstractHandlerMethodAdapter.java:87)
	at org.springframework.web.servlet.DispatcherServlet.doDispatch(DispatcherServlet.java:1060)
	at org.springframework.web.servlet.DispatcherServlet.doService(DispatcherServlet.java:962)
	at org.springframework.web.servlet.FrameworkServlet.processRequest(FrameworkServlet.java:1006)
	at org.springframework.web.servlet.FrameworkServlet.doPost(FrameworkServlet.java:909)
	at javax.servlet.http.HttpServlet.service(HttpServlet.java:652)
	at org.springframework.web.servlet.FrameworkServlet.service(FrameworkServlet.java:883)
	at javax.servlet.http.HttpServlet.service(HttpServlet.java:733)
	at org.apache.catalina.core.ApplicationFilterChain.internalDoFilter(ApplicationFilterChain.java:227)
	at org.apache.catalina.core.ApplicationFilterChain.doFilter(ApplicationFilterChain.java:162)
	at org.apache.tomcat.websocket.server.WsFilter.doFilter(WsFilter.java:53)
	at org.apache.catalina.core.ApplicationFilterChain.internalDoFilter(ApplicationFilterChain.java:189)
	at org.apache.catalina.core.ApplicationFilterChain.doFilter(ApplicationFilterChain.java:162)
	at com.revature.filters.DurationFilter.doFilterInternal(DurationFilter.java:27)
	at org.springframework.web.filter.OncePerRequestFilter.doFilter(OncePerRequestFilter.java:119)
	at org.apache.catalina.core.ApplicationFilterChain.internalDoFilter(ApplicationFilterChain.java:189)
	at org.apache.catalina.core.ApplicationFilterChain.doFilter(ApplicationFilterChain.java:162)
	at org.springframework.web.filter.RequestContextFilter.doFilterInternal(RequestContextFilter.java:100)
	at org.springframework.web.filter.OncePerRequestFilter.doFilter(OncePerRequestFilter.java:119)
	at org.apache.catalina.core.ApplicationFilterChain.internalDoFilter(ApplicationFilterChain.java:189)
	at org.apache.catalina.core.ApplicationFilterChain.doFilter(ApplicationFilterChain.java:162)
	at org.springframework.web.filter.FormContentFilter.doFilterInternal(FormContentFilter.java:93)
	at org.springframework.web.filter.OncePerRequestFilter.doFilter(OncePerRequestFilter.java:119)
	at org.apache.catalina.core.ApplicationFilterChain.internalDoFilter(ApplicationFilterChain.java:189)
	at org.apache.catalina.core.ApplicationFilterChain.doFilter(ApplicationFilterChain.java:162)
	at org.springframework.boot.actuate.metrics.web.servlet.WebMvcMetricsFilter.doFilterInternal(WebMvcMetricsFilter.java:93)
	at org.springframework.web.filter.OncePerRequestFilter.doFilter(OncePerRequestFilter.java:119)
	at org.apache.catalina.core.ApplicationFilterChain.internalDoFilter(ApplicationFilterChain.java:189)
	at org.apache.catalina.core.ApplicationFilterChain.doFilter(ApplicationFilterChain.java:162)
	at org.springframework.web.filter.CharacterEncodingFilter.doFilterInternal(CharacterEncodingFilter.java:201)
	at org.springframework.web.filter.OncePerRequestFilter.doFilter(OncePerRequestFilter.java:119)
	at org.apache.catalina.core.ApplicationFilterChain.internalDoFilter(ApplicationFilterChain.java:189)
	at org.apache.catalina.core.ApplicationFilterChain.doFilter(ApplicationFilterChain.java:162)
	at org.apache.catalina.core.StandardWrapperValve.invoke(StandardWrapperValve.java:202)
	at org.apache.catalina.core.StandardContextValve.invoke(StandardContextValve.java:97)
	at org.apache.catalina.authenticator.AuthenticatorBase.invoke(AuthenticatorBase.java:542)
	at org.apache.catalina.core.StandardHostValve.invoke(StandardHostValve.java:143)
	at org.apache.catalina.valves.ErrorReportValve.invoke(ErrorReportValve.java:92)
	at org.apache.catalina.core.StandardEngineValve.invoke(StandardEngineValve.java:78)
	at org.apache.catalina.connector.CoyoteAdapter.service(CoyoteAdapter.java:346)
	at org.apache.coyote.http11.Http11Processor.service(Http11Processor.java:374)
	at org.apache.coyote.AbstractProcessorLight.process(AbstractProcessorLight.java:65)
	at org.apache.coyote.AbstractProtocol$ConnectionHandler.process(AbstractProtocol.java:887)
	at org.apache.tomcat.util.net.NioEndpoint$SocketProcessor.doRun(NioEndpoint.java:1684)
	at org.apache.tomcat.util.net.SocketProcessorBase.run(SocketProcessorBase.java:49)
	at java.util.concurrent.ThreadPoolExecutor.runWorker(Unknown Source)
	at java.util.concurrent.ThreadPoolExecutor$Worker.run(Unknown Source)
	at org.apache.tomcat.util.threads.TaskThread$WrappingRunnable.run(TaskThread.java:61)
	at java.lang.Thread.run(Unknown Source)

[2m2021-03-11 14:18:24.268[0;39m [event=login error, duration=2108] [32m INFO[0;39m [35m8148[0;39m [2m---[0;39m [2m[nio-8080-exec-2][0;39m [36mcom.revature.filters.DurationFilter     [0;39m [2m:[0;39m Request has finished took 2108 milli secs to process
[2m2021-03-11 14:18:37.295[0;39m [event=Register] [32m INFO[0;39m [35m8148[0;39m [2m---[0;39m [2m[nio-8080-exec-3][0;39m [36mcom.revature.services.UserService       [0;39m [2m:[0;39m Starting == registering a new user
[2m2021-03-11 14:18:39.380[0;39m [event=register error] [31mERROR[0;39m [35m8148[0;39m [2m---[0;39m [2m[nio-8080-exec-3][0;39m [36mc.revature.advice.RestExceptionHandler  [0;39m [2m:[0;39m User is already registered.

com.revature.exceptions.RegisterUserFailedException: null
	at com.revature.services.UserService.register(UserService.java:34)
	at com.revature.controllers.UserController.register(UserController.java:48)
	at com.revature.controllers.UserController$$FastClassBySpringCGLIB$$658944d.invoke(<generated>)
	at org.springframework.cglib.proxy.MethodProxy.invoke(MethodProxy.java:218)
	at org.springframework.aop.framework.CglibAopProxy$CglibMethodInvocation.invokeJoinpoint(CglibAopProxy.java:779)
	at org.springframework.aop.framework.ReflectiveMethodInvocation.proceed(ReflectiveMethodInvocation.java:163)
	at org.springframework.aop.framework.CglibAopProxy$CglibMethodInvocation.proceed(CglibAopProxy.java:750)
	at org.springframework.aop.interceptor.ExposeInvocationInterceptor.invoke(ExposeInvocationInterceptor.java:97)
	at org.springframework.aop.framework.ReflectiveMethodInvocation.proceed(ReflectiveMethodInvocation.java:186)
	at org.springframework.aop.framework.CglibAopProxy$CglibMethodInvocation.proceed(CglibAopProxy.java:750)
	at org.springframework.aop.framework.CglibAopProxy$DynamicAdvisedInterceptor.intercept(CglibAopProxy.java:692)
	at com.revature.controllers.UserController$$EnhancerBySpringCGLIB$$87dc294.register(<generated>)
	at sun.reflect.NativeMethodAccessorImpl.invoke0(Native Method)
	at sun.reflect.NativeMethodAccessorImpl.invoke(Unknown Source)
	at sun.reflect.DelegatingMethodAccessorImpl.invoke(Unknown Source)
	at java.lang.reflect.Method.invoke(Unknown Source)
	at org.springframework.web.method.support.InvocableHandlerMethod.doInvoke(InvocableHandlerMethod.java:197)
	at org.springframework.web.method.support.InvocableHandlerMethod.invokeForRequest(InvocableHandlerMethod.java:141)
	at org.springframework.web.servlet.mvc.method.annotation.ServletInvocableHandlerMethod.invokeAndHandle(ServletInvocableHandlerMethod.java:106)
	at org.springframework.web.servlet.mvc.method.annotation.RequestMappingHandlerAdapter.invokeHandlerMethod(RequestMappingHandlerAdapter.java:894)
	at org.springframework.web.servlet.mvc.method.annotation.RequestMappingHandlerAdapter.handleInternal(RequestMappingHandlerAdapter.java:808)
	at org.springframework.web.servlet.mvc.method.AbstractHandlerMethodAdapter.handle(AbstractHandlerMethodAdapter.java:87)
	at org.springframework.web.servlet.DispatcherServlet.doDispatch(DispatcherServlet.java:1060)
	at org.springframework.web.servlet.DispatcherServlet.doService(DispatcherServlet.java:962)
	at org.springframework.web.servlet.FrameworkServlet.processRequest(FrameworkServlet.java:1006)
	at org.springframework.web.servlet.FrameworkServlet.doPost(FrameworkServlet.java:909)
	at javax.servlet.http.HttpServlet.service(HttpServlet.java:652)
	at org.springframework.web.servlet.FrameworkServlet.service(FrameworkServlet.java:883)
	at javax.servlet.http.HttpServlet.service(HttpServlet.java:733)
	at org.apache.catalina.core.ApplicationFilterChain.internalDoFilter(ApplicationFilterChain.java:227)
	at org.apache.catalina.core.ApplicationFilterChain.doFilter(ApplicationFilterChain.java:162)
	at org.apache.tomcat.websocket.server.WsFilter.doFilter(WsFilter.java:53)
	at org.apache.catalina.core.ApplicationFilterChain.internalDoFilter(ApplicationFilterChain.java:189)
	at org.apache.catalina.core.ApplicationFilterChain.doFilter(ApplicationFilterChain.java:162)
	at com.revature.filters.DurationFilter.doFilterInternal(DurationFilter.java:27)
	at org.springframework.web.filter.OncePerRequestFilter.doFilter(OncePerRequestFilter.java:119)
	at org.apache.catalina.core.ApplicationFilterChain.internalDoFilter(ApplicationFilterChain.java:189)
	at org.apache.catalina.core.ApplicationFilterChain.doFilter(ApplicationFilterChain.java:162)
	at org.springframework.web.filter.RequestContextFilter.doFilterInternal(RequestContextFilter.java:100)
	at org.springframework.web.filter.OncePerRequestFilter.doFilter(OncePerRequestFilter.java:119)
	at org.apache.catalina.core.ApplicationFilterChain.internalDoFilter(ApplicationFilterChain.java:189)
	at org.apache.catalina.core.ApplicationFilterChain.doFilter(ApplicationFilterChain.java:162)
	at org.springframework.web.filter.FormContentFilter.doFilterInternal(FormContentFilter.java:93)
	at org.springframework.web.filter.OncePerRequestFilter.doFilter(OncePerRequestFilter.java:119)
	at org.apache.catalina.core.ApplicationFilterChain.internalDoFilter(ApplicationFilterChain.java:189)
	at org.apache.catalina.core.ApplicationFilterChain.doFilter(ApplicationFilterChain.java:162)
	at org.springframework.boot.actuate.metrics.web.servlet.WebMvcMetricsFilter.doFilterInternal(WebMvcMetricsFilter.java:93)
	at org.springframework.web.filter.OncePerRequestFilter.doFilter(OncePerRequestFilter.java:119)
	at org.apache.catalina.core.ApplicationFilterChain.internalDoFilter(ApplicationFilterChain.java:189)
	at org.apache.catalina.core.ApplicationFilterChain.doFilter(ApplicationFilterChain.java:162)
	at org.springframework.web.filter.CharacterEncodingFilter.doFilterInternal(CharacterEncodingFilter.java:201)
	at org.springframework.web.filter.OncePerRequestFilter.doFilter(OncePerRequestFilter.java:119)
	at org.apache.catalina.core.ApplicationFilterChain.internalDoFilter(ApplicationFilterChain.java:189)
	at org.apache.catalina.core.ApplicationFilterChain.doFilter(ApplicationFilterChain.java:162)
	at org.apache.catalina.core.StandardWrapperValve.invoke(StandardWrapperValve.java:202)
	at org.apache.catalina.core.StandardContextValve.invoke(StandardContextValve.java:97)
	at org.apache.catalina.authenticator.AuthenticatorBase.invoke(AuthenticatorBase.java:542)
	at org.apache.catalina.core.StandardHostValve.invoke(StandardHostValve.java:143)
	at org.apache.catalina.valves.ErrorReportValve.invoke(ErrorReportValve.java:92)
	at org.apache.catalina.core.StandardEngineValve.invoke(StandardEngineValve.java:78)
	at org.apache.catalina.connector.CoyoteAdapter.service(CoyoteAdapter.java:346)
	at org.apache.coyote.http11.Http11Processor.service(Http11Processor.java:374)
	at org.apache.coyote.AbstractProcessorLight.process(AbstractProcessorLight.java:65)
	at org.apache.coyote.AbstractProtocol$ConnectionHandler.process(AbstractProtocol.java:887)
	at org.apache.tomcat.util.net.NioEndpoint$SocketProcessor.doRun(NioEndpoint.java:1684)
	at org.apache.tomcat.util.net.SocketProcessorBase.run(SocketProcessorBase.java:49)
	at java.util.concurrent.ThreadPoolExecutor.runWorker(Unknown Source)
	at java.util.concurrent.ThreadPoolExecutor$Worker.run(Unknown Source)
	at org.apache.tomcat.util.threads.TaskThread$WrappingRunnable.run(TaskThread.java:61)
	at java.lang.Thread.run(Unknown Source)

[2m2021-03-11 14:18:39.382[0;39m [event=register error, duration=2089] [32m INFO[0;39m [35m8148[0;39m [2m---[0;39m [2m[nio-8080-exec-3][0;39m [36mcom.revature.filters.DurationFilter     [0;39m [2m:[0;39m Request has finished took 2089 milli secs to process
[2m2021-03-11 14:24:21.829[0;39m [] [32m INFO[0;39m [35m8148[0;39m [2m---[0;39m [2m[  restartedMain][0;39m [36mcom.revature.ProjectOneApplication      [0;39m [2m:[0;39m Starting ProjectOneApplication using Java 1.8.0_281 on DESKTOP-G2GRHTT with PID 8148 (C:\Users\cgon5\Documents\210201sre-spring\project-one\target\classes started by cgon5 in C:\Users\cgon5\Documents\210201sre-spring\project-one)
[2m2021-03-11 14:24:23.880[0;39m [] [32m INFO[0;39m [35m8148[0;39m [2m---[0;39m [2m[  restartedMain][0;39m [36mcom.revature.ProjectOneApplication      [0;39m [2m:[0;39m No active profile set, falling back to default profiles: default
[2m2021-03-11 14:24:25.417[0;39m [] [32m INFO[0;39m [35m8148[0;39m [2m---[0;39m [2m[  restartedMain][0;39m [36mcom.revature.ProjectOneApplication      [0;39m [2m:[0;39m Started ProjectOneApplication in 5.65 seconds (JVM running for 1457.614)
[2m2021-03-11 14:28:54.480[0;39m [] [32m INFO[0;39m [35m8148[0;39m [2m---[0;39m [2m[  restartedMain][0;39m [36mcom.revature.ProjectOneApplication      [0;39m [2m:[0;39m Starting ProjectOneApplication using Java 1.8.0_281 on DESKTOP-G2GRHTT with PID 8148 (C:\Users\cgon5\Documents\210201sre-spring\project-one\target\classes started by cgon5 in C:\Users\cgon5\Documents\210201sre-spring\project-one)
[2m2021-03-11 14:28:56.533[0;39m [] [32m INFO[0;39m [35m8148[0;39m [2m---[0;39m [2m[  restartedMain][0;39m [36mcom.revature.ProjectOneApplication      [0;39m [2m:[0;39m No active profile set, falling back to default profiles: default
[2m2021-03-11 14:28:58.066[0;39m [] [32m INFO[0;39m [35m8148[0;39m [2m---[0;39m [2m[  restartedMain][0;39m [36mcom.revature.ProjectOneApplication      [0;39m [2m:[0;39m Started ProjectOneApplication in 5.682 seconds (JVM running for 1730.261)
[2m2021-03-11 14:31:16.974[0;39m [] [32m INFO[0;39m [35m8148[0;39m [2m---[0;39m [2m[  restartedMain][0;39m [36mcom.revature.ProjectOneApplication      [0;39m [2m:[0;39m Starting ProjectOneApplication using Java 1.8.0_281 on DESKTOP-G2GRHTT with PID 8148 (C:\Users\cgon5\Documents\210201sre-spring\project-one\target\classes started by cgon5 in C:\Users\cgon5\Documents\210201sre-spring\project-one)
[2m2021-03-11 14:31:19.009[0;39m [] [32m INFO[0;39m [35m8148[0;39m [2m---[0;39m [2m[  restartedMain][0;39m [36mcom.revature.ProjectOneApplication      [0;39m [2m:[0;39m No active profile set, falling back to default profiles: default
[2m2021-03-11 14:31:20.463[0;39m [] [32m INFO[0;39m [35m8148[0;39m [2m---[0;39m [2m[  restartedMain][0;39m [36mcom.revature.ProjectOneApplication      [0;39m [2m:[0;39m Started ProjectOneApplication in 5.569 seconds (JVM running for 1872.659)
[2m2021-03-11 14:31:32.989[0;39m [event=Register] [32m INFO[0;39m [35m8148[0;39m [2m---[0;39m [2m[nio-8080-exec-2][0;39m [36mcom.revature.services.UserService       [0;39m [2m:[0;39m Starting == registering a new user
[2m2021-03-11 14:31:35.092[0;39m [event=register error] [31mERROR[0;39m [35m8148[0;39m [2m---[0;39m [2m[nio-8080-exec-2][0;39m [36mc.revature.advice.RestExceptionHandler  [0;39m [2m:[0;39m User is already registered.

com.revature.exceptions.RegisterUserFailedException: null
	at com.revature.services.UserService.register(UserService.java:34)
	at com.revature.controllers.UserController.register(UserController.java:51)
	at com.revature.controllers.UserController$$FastClassBySpringCGLIB$$658944d.invoke(<generated>)
	at org.springframework.cglib.proxy.MethodProxy.invoke(MethodProxy.java:218)
	at org.springframework.aop.framework.CglibAopProxy$CglibMethodInvocation.invokeJoinpoint(CglibAopProxy.java:779)
	at org.springframework.aop.framework.ReflectiveMethodInvocation.proceed(ReflectiveMethodInvocation.java:163)
	at org.springframework.aop.framework.CglibAopProxy$CglibMethodInvocation.proceed(CglibAopProxy.java:750)
	at org.springframework.aop.interceptor.ExposeInvocationInterceptor.invoke(ExposeInvocationInterceptor.java:97)
	at org.springframework.aop.framework.ReflectiveMethodInvocation.proceed(ReflectiveMethodInvocation.java:186)
	at org.springframework.aop.framework.CglibAopProxy$CglibMethodInvocation.proceed(CglibAopProxy.java:750)
	at org.springframework.aop.framework.CglibAopProxy$DynamicAdvisedInterceptor.intercept(CglibAopProxy.java:692)
	at com.revature.controllers.UserController$$EnhancerBySpringCGLIB$$87dc294.register(<generated>)
	at sun.reflect.NativeMethodAccessorImpl.invoke0(Native Method)
	at sun.reflect.NativeMethodAccessorImpl.invoke(Unknown Source)
	at sun.reflect.DelegatingMethodAccessorImpl.invoke(Unknown Source)
	at java.lang.reflect.Method.invoke(Unknown Source)
	at org.springframework.web.method.support.InvocableHandlerMethod.doInvoke(InvocableHandlerMethod.java:197)
	at org.springframework.web.method.support.InvocableHandlerMethod.invokeForRequest(InvocableHandlerMethod.java:141)
	at org.springframework.web.servlet.mvc.method.annotation.ServletInvocableHandlerMethod.invokeAndHandle(ServletInvocableHandlerMethod.java:106)
	at org.springframework.web.servlet.mvc.method.annotation.RequestMappingHandlerAdapter.invokeHandlerMethod(RequestMappingHandlerAdapter.java:894)
	at org.springframework.web.servlet.mvc.method.annotation.RequestMappingHandlerAdapter.handleInternal(RequestMappingHandlerAdapter.java:808)
	at org.springframework.web.servlet.mvc.method.AbstractHandlerMethodAdapter.handle(AbstractHandlerMethodAdapter.java:87)
	at org.springframework.web.servlet.DispatcherServlet.doDispatch(DispatcherServlet.java:1060)
	at org.springframework.web.servlet.DispatcherServlet.doService(DispatcherServlet.java:962)
	at org.springframework.web.servlet.FrameworkServlet.processRequest(FrameworkServlet.java:1006)
	at org.springframework.web.servlet.FrameworkServlet.doPost(FrameworkServlet.java:909)
	at javax.servlet.http.HttpServlet.service(HttpServlet.java:652)
	at org.springframework.web.servlet.FrameworkServlet.service(FrameworkServlet.java:883)
	at javax.servlet.http.HttpServlet.service(HttpServlet.java:733)
	at org.apache.catalina.core.ApplicationFilterChain.internalDoFilter(ApplicationFilterChain.java:227)
	at org.apache.catalina.core.ApplicationFilterChain.doFilter(ApplicationFilterChain.java:162)
	at org.apache.tomcat.websocket.server.WsFilter.doFilter(WsFilter.java:53)
	at org.apache.catalina.core.ApplicationFilterChain.internalDoFilter(ApplicationFilterChain.java:189)
	at org.apache.catalina.core.ApplicationFilterChain.doFilter(ApplicationFilterChain.java:162)
	at com.revature.filters.DurationFilter.doFilterInternal(DurationFilter.java:27)
	at org.springframework.web.filter.OncePerRequestFilter.doFilter(OncePerRequestFilter.java:119)
	at org.apache.catalina.core.ApplicationFilterChain.internalDoFilter(ApplicationFilterChain.java:189)
	at org.apache.catalina.core.ApplicationFilterChain.doFilter(ApplicationFilterChain.java:162)
	at org.springframework.web.filter.RequestContextFilter.doFilterInternal(RequestContextFilter.java:100)
	at org.springframework.web.filter.OncePerRequestFilter.doFilter(OncePerRequestFilter.java:119)
	at org.apache.catalina.core.ApplicationFilterChain.internalDoFilter(ApplicationFilterChain.java:189)
	at org.apache.catalina.core.ApplicationFilterChain.doFilter(ApplicationFilterChain.java:162)
	at org.springframework.web.filter.FormContentFilter.doFilterInternal(FormContentFilter.java:93)
	at org.springframework.web.filter.OncePerRequestFilter.doFilter(OncePerRequestFilter.java:119)
	at org.apache.catalina.core.ApplicationFilterChain.internalDoFilter(ApplicationFilterChain.java:189)
	at org.apache.catalina.core.ApplicationFilterChain.doFilter(ApplicationFilterChain.java:162)
	at org.springframework.boot.actuate.metrics.web.servlet.WebMvcMetricsFilter.doFilterInternal(WebMvcMetricsFilter.java:93)
	at org.springframework.web.filter.OncePerRequestFilter.doFilter(OncePerRequestFilter.java:119)
	at org.apache.catalina.core.ApplicationFilterChain.internalDoFilter(ApplicationFilterChain.java:189)
	at org.apache.catalina.core.ApplicationFilterChain.doFilter(ApplicationFilterChain.java:162)
	at org.springframework.web.filter.CharacterEncodingFilter.doFilterInternal(CharacterEncodingFilter.java:201)
	at org.springframework.web.filter.OncePerRequestFilter.doFilter(OncePerRequestFilter.java:119)
	at org.apache.catalina.core.ApplicationFilterChain.internalDoFilter(ApplicationFilterChain.java:189)
	at org.apache.catalina.core.ApplicationFilterChain.doFilter(ApplicationFilterChain.java:162)
	at org.apache.catalina.core.StandardWrapperValve.invoke(StandardWrapperValve.java:202)
	at org.apache.catalina.core.StandardContextValve.invoke(StandardContextValve.java:97)
	at org.apache.catalina.authenticator.AuthenticatorBase.invoke(AuthenticatorBase.java:542)
	at org.apache.catalina.core.StandardHostValve.invoke(StandardHostValve.java:143)
	at org.apache.catalina.valves.ErrorReportValve.invoke(ErrorReportValve.java:92)
	at org.apache.catalina.core.StandardEngineValve.invoke(StandardEngineValve.java:78)
	at org.apache.catalina.connector.CoyoteAdapter.service(CoyoteAdapter.java:346)
	at org.apache.coyote.http11.Http11Processor.service(Http11Processor.java:374)
	at org.apache.coyote.AbstractProcessorLight.process(AbstractProcessorLight.java:65)
	at org.apache.coyote.AbstractProtocol$ConnectionHandler.process(AbstractProtocol.java:887)
	at org.apache.tomcat.util.net.NioEndpoint$SocketProcessor.doRun(NioEndpoint.java:1684)
	at org.apache.tomcat.util.net.SocketProcessorBase.run(SocketProcessorBase.java:49)
	at java.util.concurrent.ThreadPoolExecutor.runWorker(Unknown Source)
	at java.util.concurrent.ThreadPoolExecutor$Worker.run(Unknown Source)
	at org.apache.tomcat.util.threads.TaskThread$WrappingRunnable.run(TaskThread.java:61)
	at java.lang.Thread.run(Unknown Source)

[2m2021-03-11 14:31:35.096[0;39m [event=register error, duration=2117] [32m INFO[0;39m [35m8148[0;39m [2m---[0;39m [2m[nio-8080-exec-2][0;39m [36mcom.revature.filters.DurationFilter     [0;39m [2m:[0;39m Request has finished took 2117 milli secs to process
[2m2021-03-11 14:31:49.907[0;39m [] [32m INFO[0;39m [35m8148[0;39m [2m---[0;39m [2m[  restartedMain][0;39m [36mcom.revature.ProjectOneApplication      [0;39m [2m:[0;39m Starting ProjectOneApplication using Java 1.8.0_281 on DESKTOP-G2GRHTT with PID 8148 (C:\Users\cgon5\Documents\210201sre-spring\project-one\target\classes started by cgon5 in C:\Users\cgon5\Documents\210201sre-spring\project-one)
[2m2021-03-11 14:31:51.975[0;39m [] [32m INFO[0;39m [35m8148[0;39m [2m---[0;39m [2m[  restartedMain][0;39m [36mcom.revature.ProjectOneApplication      [0;39m [2m:[0;39m No active profile set, falling back to default profiles: default
[2m2021-03-11 14:31:53.478[0;39m [] [32m INFO[0;39m [35m8148[0;39m [2m---[0;39m [2m[  restartedMain][0;39m [36mcom.revature.ProjectOneApplication      [0;39m [2m:[0;39m Started ProjectOneApplication in 5.636 seconds (JVM running for 1905.673)
[2m2021-03-11 14:32:34.990[0;39m [duration=15] [32m INFO[0;39m [35m8148[0;39m [2m---[0;39m [2m[nio-8080-exec-2][0;39m [36mcom.revature.filters.DurationFilter     [0;39m [2m:[0;39m Request has finished took 15 milli secs to process
[2m2021-03-11 14:33:44.841[0;39m [] [32m INFO[0;39m [35m8148[0;39m [2m---[0;39m [2m[  restartedMain][0;39m [36mcom.revature.ProjectOneApplication      [0;39m [2m:[0;39m Starting ProjectOneApplication using Java 1.8.0_281 on DESKTOP-G2GRHTT with PID 8148 (C:\Users\cgon5\Documents\210201sre-spring\project-one\target\classes started by cgon5 in C:\Users\cgon5\Documents\210201sre-spring\project-one)
[2m2021-03-11 14:33:46.880[0;39m [] [32m INFO[0;39m [35m8148[0;39m [2m---[0;39m [2m[  restartedMain][0;39m [36mcom.revature.ProjectOneApplication      [0;39m [2m:[0;39m No active profile set, falling back to default profiles: default
[2m2021-03-11 14:33:48.410[0;39m [] [32m INFO[0;39m [35m8148[0;39m [2m---[0;39m [2m[  restartedMain][0;39m [36mcom.revature.ProjectOneApplication      [0;39m [2m:[0;39m Started ProjectOneApplication in 5.658 seconds (JVM running for 2020.606)
[2m2021-03-11 14:33:48.597[0;39m [duration=12] [32m INFO[0;39m [35m8148[0;39m [2m---[0;39m [2m[nio-8080-exec-1][0;39m [36mcom.revature.filters.DurationFilter     [0;39m [2m:[0;39m Request has finished took 12 milli secs to process
[2m2021-03-11 14:35:49.078[0;39m [] [32m INFO[0;39m [35m8148[0;39m [2m---[0;39m [2m[  restartedMain][0;39m [36mcom.revature.ProjectOneApplication      [0;39m [2m:[0;39m Starting ProjectOneApplication using Java 1.8.0_281 on DESKTOP-G2GRHTT with PID 8148 (C:\Users\cgon5\Documents\210201sre-spring\project-one\target\classes started by cgon5 in C:\Users\cgon5\Documents\210201sre-spring\project-one)
[2m2021-03-11 14:35:51.135[0;39m [] [32m INFO[0;39m [35m8148[0;39m [2m---[0;39m [2m[  restartedMain][0;39m [36mcom.revature.ProjectOneApplication      [0;39m [2m:[0;39m No active profile set, falling back to default profiles: default
[2m2021-03-11 14:35:52.641[0;39m [] [32m INFO[0;39m [35m8148[0;39m [2m---[0;39m [2m[  restartedMain][0;39m [36mcom.revature.ProjectOneApplication      [0;39m [2m:[0;39m Started ProjectOneApplication in 5.639 seconds (JVM running for 2144.837)
